{
   "/Users/caenguidanos/node/src/github.com/caenguidanos/caenguidanos.io/src/lib/shared/layout/feature/shared-layout-default.tsx": {
      "path": "/Users/caenguidanos/node/src/github.com/caenguidanos/caenguidanos.io/src/lib/shared/layout/feature/shared-layout-default.tsx",
      "statementMap": {
         "0": { "start": { "line": 2, "column": 0 }, "end": { "line": 4, "column": 3 } },
         "1": { "start": { "line": 5, "column": 0 }, "end": { "line": 5, "column": 31 } },
         "2": { "start": { "line": 6, "column": 18 }, "end": { "line": 6, "column": 46 } },
         "3": { "start": { "line": 7, "column": 22 }, "end": { "line": 12, "column": 1 } },
         "4": { "start": { "line": 8, "column": 4 }, "end": { "line": 11, "column": 8 } },
         "5": { "start": { "line": 13, "column": 0 }, "end": { "line": 13, "column": 38 } }
      },
      "fnMap": {
         "0": {
            "name": "(anonymous_0)",
            "decl": { "start": { "line": 7, "column": 22 }, "end": { "line": 7, "column": 23 } },
            "loc": { "start": { "line": 7, "column": 35 }, "end": { "line": 12, "column": 1 } },
            "line": 7
         }
      },
      "branchMap": {},
      "s": { "0": 2, "1": 2, "2": 2, "3": 2, "4": 2, "5": 2 },
      "f": { "0": 2 },
      "b": {},
      "_coverageSchema": "1a1c01bbd47fc00a2c39e90264f33305004495a9",
      "hash": "a053f8b720650cece7c0c379266b797ccd9f0226"
   },
   "/Users/caenguidanos/node/src/github.com/caenguidanos/caenguidanos.io/src/lib/shared/layout/util/get-layout.tsx": {
      "path": "/Users/caenguidanos/node/src/github.com/caenguidanos/caenguidanos.io/src/lib/shared/layout/util/get-layout.tsx",
      "statementMap": {
         "0": { "start": { "line": 2, "column": 0 }, "end": { "line": 4, "column": 3 } },
         "1": { "start": { "line": 5, "column": 0 }, "end": { "line": 5, "column": 30 } },
         "2": { "start": { "line": 6, "column": 18 }, "end": { "line": 6, "column": 46 } },
         "3": { "start": { "line": 7, "column": 17 }, "end": { "line": 11, "column": 1 } },
         "4": { "start": { "line": 8, "column": 4 }, "end": { "line": 10, "column": 8 } },
         "5": { "start": { "line": 13, "column": 4 }, "end": { "line": 13, "column": 40 } }
      },
      "fnMap": {
         "0": {
            "name": "(anonymous_0)",
            "decl": { "start": { "line": 7, "column": 17 }, "end": { "line": 7, "column": 18 } },
            "loc": { "start": { "line": 7, "column": 30 }, "end": { "line": 11, "column": 1 } },
            "line": 7
         },
         "1": {
            "name": "getLayout",
            "decl": { "start": { "line": 12, "column": 9 }, "end": { "line": 12, "column": 18 } },
            "loc": { "start": { "line": 12, "column": 30 }, "end": { "line": 14, "column": 1 } },
            "line": 12
         }
      },
      "branchMap": {
         "0": {
            "loc": { "start": { "line": 13, "column": 11 }, "end": { "line": 13, "column": 39 } },
            "type": "binary-expr",
            "locations": [
               { "start": { "line": 13, "column": 11 }, "end": { "line": 13, "column": 27 } },
               { "start": { "line": 13, "column": 31 }, "end": { "line": 13, "column": 39 } }
            ],
            "line": 13
         }
      },
      "s": { "0": 1, "1": 1, "2": 1, "3": 1, "4": 1, "5": 2 },
      "f": { "0": 1, "1": 2 },
      "b": { "0": [2, 1] },
      "_coverageSchema": "1a1c01bbd47fc00a2c39e90264f33305004495a9",
      "hash": "4a17249a9d4361fd1eb6611706be29df08030ea3"
   },
   "/Users/caenguidanos/node/src/github.com/caenguidanos/caenguidanos.io/src/lib/shared/markdown/util/shiki-remark.js": {
      "path": "/Users/caenguidanos/node/src/github.com/caenguidanos/caenguidanos.io/src/lib/shared/markdown/util/shiki-remark.js",
      "statementMap": {
         "0": { "start": { "line": 2, "column": 0 }, "end": { "line": 4, "column": 3 } },
         "1": { "start": { "line": 5, "column": 0 }, "end": { "line": 5, "column": 25 } },
         "2": { "start": { "line": 6, "column": 22 }, "end": { "line": 6, "column": 73 } },
         "3": { "start": { "line": 7, "column": 13 }, "end": { "line": 7, "column": 29 } },
         "4": { "start": { "line": 9, "column": 4 }, "end": { "line": 11, "column": 6 } },
         "5": { "start": { "line": 15, "column": 4 }, "end": { "line": 45, "column": 6 } },
         "6": { "start": { "line": 16, "column": 8 }, "end": { "line": 44, "column": 10 } },
         "7": { "start": { "line": 21, "column": 13 }, "end": { "line": 21, "column": 65 } },
         "8": { "start": { "line": 35, "column": 29 }, "end": { "line": 35, "column": 38 } },
         "9": { "start": { "line": 36, "column": 29 }, "end": { "line": 36, "column": 39 } },
         "10": { "start": { "line": 37, "column": 31 }, "end": { "line": 37, "column": 81 } },
         "11": { "start": { "line": 38, "column": 32 }, "end": { "line": 41, "column": 17 } },
         "12": { "start": { "line": 42, "column": 16 }, "end": { "line": 42, "column": 45 } },
         "13": { "start": { "line": 47, "column": 15 }, "end": { "line": 47, "column": 26 } },
         "14": { "start": { "line": 48, "column": 0 }, "end": { "line": 48, "column": 27 } }
      },
      "fnMap": {
         "0": {
            "name": "_interopRequireDefault",
            "decl": { "start": { "line": 8, "column": 9 }, "end": { "line": 8, "column": 31 } },
            "loc": { "start": { "line": 8, "column": 37 }, "end": { "line": 12, "column": 1 } },
            "line": 8
         },
         "1": {
            "name": "shikiPlugin",
            "decl": { "start": { "line": 14, "column": 9 }, "end": { "line": 14, "column": 20 } },
            "loc": { "start": { "line": 14, "column": 30 }, "end": { "line": 46, "column": 1 } },
            "line": 14
         },
         "2": {
            "name": "(anonymous_2)",
            "decl": { "start": { "line": 15, "column": 11 }, "end": { "line": 15, "column": 12 } },
            "loc": { "start": { "line": 15, "column": 15 }, "end": { "line": 45, "column": 5 } },
            "line": 15
         },
         "3": {
            "name": "transformer",
            "decl": { "start": { "line": 16, "column": 24 }, "end": { "line": 16, "column": 35 } },
            "loc": { "start": { "line": 16, "column": 49 }, "end": { "line": 44, "column": 9 } },
            "line": 16
         },
         "4": {
            "name": "visitor",
            "decl": { "start": { "line": 22, "column": 21 }, "end": { "line": 22, "column": 28 } },
            "loc": { "start": { "line": 22, "column": 35 }, "end": { "line": 43, "column": 13 } },
            "line": 22
         }
      },
      "branchMap": {
         "0": {
            "loc": { "start": { "line": 9, "column": 11 }, "end": { "line": 11, "column": 5 } },
            "type": "cond-expr",
            "locations": [
               { "start": { "line": 9, "column": 35 }, "end": { "line": 9, "column": 38 } },
               { "start": { "line": 9, "column": 41 }, "end": { "line": 11, "column": 5 } }
            ],
            "line": 9
         },
         "1": {
            "loc": { "start": { "line": 9, "column": 11 }, "end": { "line": 9, "column": 32 } },
            "type": "binary-expr",
            "locations": [
               { "start": { "line": 9, "column": 11 }, "end": { "line": 9, "column": 14 } },
               { "start": { "line": 9, "column": 18 }, "end": { "line": 9, "column": 32 } }
            ],
            "line": 9
         }
      },
      "s": {
         "0": 1,
         "1": 1,
         "2": 1,
         "3": 1,
         "4": 1,
         "5": 1,
         "6": 1,
         "7": 1,
         "8": 1,
         "9": 1,
         "10": 1,
         "11": 1,
         "12": 1,
         "13": 1,
         "14": 1
      },
      "f": { "0": 1, "1": 1, "2": 1, "3": 1, "4": 1 },
      "b": { "0": [0, 1], "1": [1, 1] },
      "_coverageSchema": "1a1c01bbd47fc00a2c39e90264f33305004495a9",
      "hash": "8e27b24fb7f3df9ac82b20104aed5ed5bf05d868"
   },
   "/Users/caenguidanos/node/src/github.com/caenguidanos/caenguidanos.io/src/lib/shared/markdown/util/transform-to-html.ts": {
      "path": "/Users/caenguidanos/node/src/github.com/caenguidanos/caenguidanos.io/src/lib/shared/markdown/util/transform-to-html.ts",
      "statementMap": {
         "0": { "start": { "line": 2, "column": 0 }, "end": { "line": 4, "column": 3 } },
         "1": { "start": { "line": 5, "column": 0 }, "end": { "line": 5, "column": 42 } },
         "2": { "start": { "line": 6, "column": 15 }, "end": { "line": 6, "column": 57 } },
         "3": { "start": { "line": 7, "column": 19 }, "end": { "line": 7, "column": 66 } },
         "4": { "start": { "line": 8, "column": 17 }, "end": { "line": 8, "column": 62 } },
         "5": { "start": { "line": 9, "column": 20 }, "end": { "line": 9, "column": 68 } },
         "6": { "start": { "line": 10, "column": 23 }, "end": { "line": 10, "column": 74 } },
         "7": { "start": { "line": 11, "column": 17 }, "end": { "line": 11, "column": 62 } },
         "8": { "start": { "line": 12, "column": 12 }, "end": { "line": 12, "column": 51 } },
         "9": { "start": { "line": 13, "column": 13 }, "end": { "line": 13, "column": 29 } },
         "10": { "start": { "line": 14, "column": 19 }, "end": { "line": 14, "column": 68 } },
         "11": { "start": { "line": 16, "column": 4 }, "end": { "line": 18, "column": 6 } },
         "12": { "start": { "line": 21, "column": 24 }, "end": { "line": 23, "column": 6 } },
         "13": { "start": { "line": 24, "column": 17 }, "end": { "line": 28, "column": 83 } },
         "14": { "start": { "line": 29, "column": 4 }, "end": { "line": 29, "column": 27 } }
      },
      "fnMap": {
         "0": {
            "name": "_interopRequireDefault",
            "decl": { "start": { "line": 15, "column": 9 }, "end": { "line": 15, "column": 31 } },
            "loc": { "start": { "line": 15, "column": 37 }, "end": { "line": 19, "column": 1 } },
            "line": 15
         },
         "1": {
            "name": "transformToHtml",
            "decl": { "start": { "line": 20, "column": 15 }, "end": { "line": 20, "column": 30 } },
            "loc": { "start": { "line": 20, "column": 40 }, "end": { "line": 30, "column": 1 } },
            "line": 20
         }
      },
      "branchMap": {
         "0": {
            "loc": { "start": { "line": 16, "column": 11 }, "end": { "line": 18, "column": 5 } },
            "type": "cond-expr",
            "locations": [
               { "start": { "line": 16, "column": 35 }, "end": { "line": 16, "column": 38 } },
               { "start": { "line": 16, "column": 41 }, "end": { "line": 18, "column": 5 } }
            ],
            "line": 16
         },
         "1": {
            "loc": { "start": { "line": 16, "column": 11 }, "end": { "line": 16, "column": 32 } },
            "type": "binary-expr",
            "locations": [
               { "start": { "line": 16, "column": 11 }, "end": { "line": 16, "column": 14 } },
               { "start": { "line": 16, "column": 18 }, "end": { "line": 16, "column": 32 } }
            ],
            "line": 16
         }
      },
      "s": {
         "0": 1,
         "1": 1,
         "2": 1,
         "3": 1,
         "4": 1,
         "5": 1,
         "6": 1,
         "7": 1,
         "8": 1,
         "9": 1,
         "10": 1,
         "11": 8,
         "12": 1,
         "13": 1,
         "14": 1
      },
      "f": { "0": 8, "1": 1 },
      "b": { "0": [1, 7], "1": [8, 8] },
      "_coverageSchema": "1a1c01bbd47fc00a2c39e90264f33305004495a9",
      "hash": "d72f78a6b4753cf555d251794d5bfde6c31b150c"
   }
}
